2018-12-20 16:11:24,960 DEBUG : Get the classes of the test script, class list: ['Solution']
2018-12-20 16:11:24,960 DEBUG : Get config,   check_data: [['{"eventId":101,"interface":{"para":{"id":"g514","rules":[{"name":"test1","type":"digest"}],"users":[{"user":"tdsql@%","type":"deny","match":"any","rules":[{"name":"test1","type":"digest"}]}]}}}', ['/interface/para/users/0/rules/0/name', '/interface/para/rules/0/type', '/eventId'], ['myname', 'mytype', 100]], ['{"eventId":101, "interface":{"para":{"id":"g514","rules":[{"name":"test1"},{"type":"digest"}],"users":{"user":"tdsql@%","type":"deny","6":"3"}}}}', ['/interface/para/rules/1/type', '/interface/para/users/6'], ['testtype', 6]], ['{"Id":"101", "header":{"funcNo":"IF01","mobile":"075512344565"},"payload":{"contact":[{"mobile":"123456789999",\n    "wechat":"test"}]}}', ['/header/mobile', '/payload/contact/0/mobile', '/Id'], ['0755 839699', '13546467885', '100']], ['{ "spec": [{"cpu": 2400},{"1": [{"dir": "/data1/tdsql/data"}, {"2": [ {"b": "b1"},{"3": [{"c": "c1"},{"4": [ {"d": "d1"},{"5": [{"0": "e1"},  {"e1": "e1"}] } ]  }] }]}]}],"66":"test" }', ['/spec/1/1/1/2/1/3/1/4/1/5/0/0', '/66'], ['00', '66']]]
2018-12-20 16:11:24,960 DEBUG : Get config, check_result: [[{'eventId': 100, 'interface': {'para': {'rules': [{'type': 'mytype', 'name': 'test1'}], 'id': 'g514', 'users': [{'rules': [{'type': 'digest', 'name': 'myname'}], 'type': 'deny', 'user': 'tdsql@%', 'match': 'any'}]}}}], [{'eventId': 101, 'interface': {'para': {'rules': [{'name': 'test1'}, {'type': 'testtype'}], 'id': 'g514', 'users': {'type': 'deny', 'user': 'tdsql@%', '6': 6}}}}], [{'header': {'mobile': '0755 839699', 'funcNo': u'IF01'}, 'Id': '100', 'payload': {'contact': [{'mobile': '13546467885', 'wechat': 'test'}]}}], [{'spec': [{'cpu': 2400}, {'1': [{'dir': '/data1/tdsql/data'}, {'2': [{'b': 'b1'}, {'3': [{'c': 'c1'}, {'4': [{'d': 'd1'}, {'5': [{'0': '00'}, {'e1': 'e1'}]}]}]}]}]}], '66': '66'}]]
2018-12-20 16:11:24,960 DEBUG : ====================================================================================
2018-12-20 16:11:24,960 DEBUG : Check time: 1
2018-12-20 16:11:24,960 DEBUG : ++++++++++++++++++++++++++++++++++++++++++++++++++++++++++++++++++++++++++++++++++++
2018-12-20 16:11:24,960 DEBUG : Check data index: 1
2018-12-20 16:11:24,960 DEBUG : Check  data: ['{"eventId":101,"interface":{"para":{"id":"g514","rules":[{"name":"test1","type":"digest"}],"users":[{"user":"tdsql@%","type":"deny","match":"any","rules":[{"name":"test1","type":"digest"}]}]}}}', ['/interface/para/users/0/rules/0/name', '/interface/para/rules/0/type', '/eventId'], ['myname', 'mytype', 100]]
2018-12-20 16:11:24,961 DEBUG : Start check class: skill_script.Solution, start time: 2018-12-20 16:11:24.961000
2018-12-20 16:11:24,961 DEBUG : Call function failed, info: dictionary update sequence element #0 has length 1; 2 is required
2018-12-20 16:11:24,961 DEBUG : Traceback (most recent call last):
  File "E:\03.DEV\01.Python\21.Skill_Test\check\func.py", line 203, in call_function
    obj_result = method_function(*args)
  File "E:\03.DEV\01.Python\21.Skill_Test\check\skill_script.py", line 30, in dict_subject
    return dict(input_json)
ValueError: dictionary update sequence element #0 has length 1; 2 is required

2018-12-20 16:11:24,961 DEBUG : Return data: []
2018-12-20 16:11:24,961 DEBUG : Execution time: -1
2018-12-20 16:11:24,961 DEBUG : Return   data: []
2018-12-20 16:11:24,961 DEBUG : excepted data: [{'eventId': 100, 'interface': {'para': {'rules': [{'type': 'mytype', 'name': 'test1'}], 'id': 'g514', 'users': [{'rules': [{'type': 'digest', 'name': 'myname'}], 'type': 'deny', 'user': 'tdsql@%', 'match': 'any'}]}}}]
2018-12-20 16:11:24,961 DEBUG : Check type: equal.
2018-12-20 16:11:24,963 DEBUG : Check result: False.
2018-12-20 16:11:24,963 DEBUG : Check result: False
2018-12-20 16:11:24,963 DEBUG : ++++++++++++++++++++++++++++++++++++++++++++++++++++++++++++++++++++++++++++++++++++
2018-12-20 16:11:24,963 DEBUG : ++++++++++++++++++++++++++++++++++++++++++++++++++++++++++++++++++++++++++++++++++++
2018-12-20 16:11:24,963 DEBUG : Check data index: 2
2018-12-20 16:11:24,963 DEBUG : Check  data: ['{"eventId":101, "interface":{"para":{"id":"g514","rules":[{"name":"test1"},{"type":"digest"}],"users":{"user":"tdsql@%","type":"deny","6":"3"}}}}', ['/interface/para/rules/1/type', '/interface/para/users/6'], ['testtype', 6]]
2018-12-20 16:11:24,963 DEBUG : Start check class: skill_script.Solution, start time: 2018-12-20 16:11:24.964000
2018-12-20 16:11:24,963 DEBUG : Call function failed, info: dictionary update sequence element #0 has length 1; 2 is required
2018-12-20 16:11:24,963 DEBUG : Traceback (most recent call last):
  File "E:\03.DEV\01.Python\21.Skill_Test\check\func.py", line 203, in call_function
    obj_result = method_function(*args)
  File "E:\03.DEV\01.Python\21.Skill_Test\check\skill_script.py", line 30, in dict_subject
    return dict(input_json)
ValueError: dictionary update sequence element #0 has length 1; 2 is required

2018-12-20 16:11:24,963 DEBUG : Return data: []
2018-12-20 16:11:24,963 DEBUG : Execution time: -1
2018-12-20 16:11:24,964 DEBUG : Return   data: []
2018-12-20 16:11:24,964 DEBUG : excepted data: [{'eventId': 101, 'interface': {'para': {'rules': [{'name': 'test1'}, {'type': 'testtype'}], 'id': 'g514', 'users': {'type': 'deny', 'user': 'tdsql@%', '6': 6}}}}]
2018-12-20 16:11:24,964 DEBUG : Check type: equal.
2018-12-20 16:11:24,964 DEBUG : Check result: False.
2018-12-20 16:11:24,964 DEBUG : Check result: False
2018-12-20 16:11:24,964 DEBUG : ++++++++++++++++++++++++++++++++++++++++++++++++++++++++++++++++++++++++++++++++++++
2018-12-20 16:11:24,966 DEBUG : ++++++++++++++++++++++++++++++++++++++++++++++++++++++++++++++++++++++++++++++++++++
2018-12-20 16:11:24,966 DEBUG : Check data index: 3
2018-12-20 16:11:24,966 DEBUG : Check  data: ['{"Id":"101", "header":{"funcNo":"IF01","mobile":"075512344565"},"payload":{"contact":[{"mobile":"123456789999",\n    "wechat":"test"}]}}', ['/header/mobile', '/payload/contact/0/mobile', '/Id'], ['0755 839699', '13546467885', '100']]
2018-12-20 16:11:24,966 DEBUG : Start check class: skill_script.Solution, start time: 2018-12-20 16:11:24.966000
2018-12-20 16:11:24,966 DEBUG : Call function failed, info: dictionary update sequence element #0 has length 1; 2 is required
2018-12-20 16:11:24,966 DEBUG : Traceback (most recent call last):
  File "E:\03.DEV\01.Python\21.Skill_Test\check\func.py", line 203, in call_function
    obj_result = method_function(*args)
  File "E:\03.DEV\01.Python\21.Skill_Test\check\skill_script.py", line 30, in dict_subject
    return dict(input_json)
ValueError: dictionary update sequence element #0 has length 1; 2 is required

2018-12-20 16:11:24,966 DEBUG : Return data: []
2018-12-20 16:11:24,966 DEBUG : Execution time: -1
2018-12-20 16:11:24,967 DEBUG : Return   data: []
2018-12-20 16:11:24,967 DEBUG : excepted data: [{'header': {'mobile': '0755 839699', 'funcNo': u'IF01'}, 'Id': '100', 'payload': {'contact': [{'mobile': '13546467885', 'wechat': 'test'}]}}]
2018-12-20 16:11:24,967 DEBUG : Check type: equal.
2018-12-20 16:11:24,967 DEBUG : Check result: False.
2018-12-20 16:11:24,967 DEBUG : Check result: False
2018-12-20 16:11:24,967 DEBUG : ++++++++++++++++++++++++++++++++++++++++++++++++++++++++++++++++++++++++++++++++++++
2018-12-20 16:11:24,967 DEBUG : ++++++++++++++++++++++++++++++++++++++++++++++++++++++++++++++++++++++++++++++++++++
2018-12-20 16:11:24,967 DEBUG : Check data index: 4
2018-12-20 16:11:24,967 DEBUG : Check  data: ['{ "spec": [{"cpu": 2400},{"1": [{"dir": "/data1/tdsql/data"}, {"2": [ {"b": "b1"},{"3": [{"c": "c1"},{"4": [ {"d": "d1"},{"5": [{"0": "e1"},  {"e1": "e1"}] } ]  }] }]}]}],"66":"test" }', ['/spec/1/1/1/2/1/3/1/4/1/5/0/0', '/66'], ['00', '66']]
2018-12-20 16:11:24,967 DEBUG : Start check class: skill_script.Solution, start time: 2018-12-20 16:11:24.968000
2018-12-20 16:11:24,967 DEBUG : Call function failed, info: dictionary update sequence element #0 has length 1; 2 is required
2018-12-20 16:11:24,969 DEBUG : Traceback (most recent call last):
  File "E:\03.DEV\01.Python\21.Skill_Test\check\func.py", line 203, in call_function
    obj_result = method_function(*args)
  File "E:\03.DEV\01.Python\21.Skill_Test\check\skill_script.py", line 30, in dict_subject
    return dict(input_json)
ValueError: dictionary update sequence element #0 has length 1; 2 is required

2018-12-20 16:11:24,969 DEBUG : Return data: []
2018-12-20 16:11:24,969 DEBUG : Execution time: -1
2018-12-20 16:11:24,969 DEBUG : Return   data: []
2018-12-20 16:11:24,969 DEBUG : excepted data: [{'spec': [{'cpu': 2400}, {'1': [{'dir': '/data1/tdsql/data'}, {'2': [{'b': 'b1'}, {'3': [{'c': 'c1'}, {'4': [{'d': 'd1'}, {'5': [{'0': '00'}, {'e1': 'e1'}]}]}]}]}]}], '66': '66'}]
2018-12-20 16:11:24,969 DEBUG : Check type: equal.
2018-12-20 16:11:24,969 DEBUG : Check result: False.
2018-12-20 16:11:24,970 DEBUG : Check result: False
2018-12-20 16:11:24,970 DEBUG : ++++++++++++++++++++++++++++++++++++++++++++++++++++++++++++++++++++++++++++++++++++
2018-12-20 16:11:24,970 DEBUG : ************************************************************************************
2018-12-20 16:11:24,970 DEBUG : Save result to csv file
2018-12-20 16:11:24,970 DEBUG : Result dict: {'info': 'Nothing', 'name': 'zukizhu', 'test_index': 'test2', 'list_result': '[False; False; False; False]', 'result': False, 'time': -1, 'part_index': 'part1'}
2018-12-20 16:11:24,971 DEBUG : ************************************************************************************
2018-12-20 16:11:24,973 DEBUG : Complete verification, summary information:
2018-12-20 16:11:24,973 DEBUG : Input  data: [['{"eventId":101,"interface":{"para":{"id":"g514","rules":[{"name":"test1","type":"digest"}],"users":[{"user":"tdsql@%","type":"deny","match":"any","rules":[{"name":"test1","type":"digest"}]}]}}}', ['/interface/para/users/0/rules/0/name', '/interface/para/rules/0/type', '/eventId'], ['myname', 'mytype', 100]], ['{"eventId":101, "interface":{"para":{"id":"g514","rules":[{"name":"test1"},{"type":"digest"}],"users":{"user":"tdsql@%","type":"deny","6":"3"}}}}', ['/interface/para/rules/1/type', '/interface/para/users/6'], ['testtype', 6]], ['{"Id":"101", "header":{"funcNo":"IF01","mobile":"075512344565"},"payload":{"contact":[{"mobile":"123456789999",\n    "wechat":"test"}]}}', ['/header/mobile', '/payload/contact/0/mobile', '/Id'], ['0755 839699', '13546467885', '100']], ['{ "spec": [{"cpu": 2400},{"1": [{"dir": "/data1/tdsql/data"}, {"2": [ {"b": "b1"},{"3": [{"c": "c1"},{"4": [ {"d": "d1"},{"5": [{"0": "e1"},  {"e1": "e1"}] } ]  }] }]}]}],"66":"test" }', ['/spec/1/1/1/2/1/3/1/4/1/5/0/0', '/66'], ['00', '66']]]
2018-12-20 16:11:24,973 DEBUG : Output data: [[], [], [], []]
2018-12-20 16:11:24,973 DEBUG : Excepted data: [[{'eventId': 100, 'interface': {'para': {'rules': [{'type': 'mytype', 'name': 'test1'}], 'id': 'g514', 'users': [{'rules': [{'type': 'digest', 'name': 'myname'}], 'type': 'deny', 'user': 'tdsql@%', 'match': 'any'}]}}}], [{'eventId': 101, 'interface': {'para': {'rules': [{'name': 'test1'}, {'type': 'testtype'}], 'id': 'g514', 'users': {'type': 'deny', 'user': 'tdsql@%', '6': 6}}}}], [{'header': {'mobile': '0755 839699', 'funcNo': u'IF01'}, 'Id': '100', 'payload': {'contact': [{'mobile': '13546467885', 'wechat': 'test'}]}}], [{'spec': [{'cpu': 2400}, {'1': [{'dir': '/data1/tdsql/data'}, {'2': [{'b': 'b1'}, {'3': [{'c': 'c1'}, {'4': [{'d': 'd1'}, {'5': [{'0': '00'}, {'e1': 'e1'}]}]}]}]}]}], '66': '66'}]]
2018-12-20 16:11:24,973 DEBUG : Each item check result: [False, False, False, False]
2018-12-20 16:11:24,973 DEBUG : Check  result: False
2018-12-20 16:11:24,973 DEBUG : Total execution time: -4
2018-12-20 16:11:24,973 DEBUG : Function running average time: -1
2018-12-20 16:11:24,973 DEBUG : Summary JSON: {'data': {'excepted': [[{'eventId': 100, 'interface': {'para': {'rules': [{'type': 'mytype', 'name': 'test1'}], 'id': 'g514', 'users': [{'rules': [{'type': 'digest', 'name': 'myname'}], 'type': 'deny', 'user': 'tdsql@%', 'match': 'any'}]}}}], [{'eventId': 101, 'interface': {'para': {'rules': [{'name': 'test1'}, {'type': 'testtype'}], 'id': 'g514', 'users': {'type': 'deny', 'user': 'tdsql@%', '6': 6}}}}], [{'header': {'mobile': '0755 839699', 'funcNo': u'IF01'}, 'Id': '100', 'payload': {'contact': [{'mobile': '13546467885', 'wechat': 'test'}]}}], [{'spec': [{'cpu': 2400}, {'1': [{'dir': '/data1/tdsql/data'}, {'2': [{'b': 'b1'}, {'3': [{'c': 'c1'}, {'4': [{'d': 'd1'}, {'5': [{'0': '00'}, {'e1': 'e1'}]}]}]}]}]}], '66': '66'}]], 'input': [['{"eventId":101,"interface":{"para":{"id":"g514","rules":[{"name":"test1","type":"digest"}],"users":[{"user":"tdsql@%","type":"deny","match":"any","rules":[{"name":"test1","type":"digest"}]}]}}}', ['/interface/para/users/0/rules/0/name', '/interface/para/rules/0/type', '/eventId'], ['myname', 'mytype', 100]], ['{"eventId":101, "interface":{"para":{"id":"g514","rules":[{"name":"test1"},{"type":"digest"}],"users":{"user":"tdsql@%","type":"deny","6":"3"}}}}', ['/interface/para/rules/1/type', '/interface/para/users/6'], ['testtype', 6]], ['{"Id":"101", "header":{"funcNo":"IF01","mobile":"075512344565"},"payload":{"contact":[{"mobile":"123456789999",\n    "wechat":"test"}]}}', ['/header/mobile', '/payload/contact/0/mobile', '/Id'], ['0755 839699', '13546467885', '100']], ['{ "spec": [{"cpu": 2400},{"1": [{"dir": "/data1/tdsql/data"}, {"2": [ {"b": "b1"},{"3": [{"c": "c1"},{"4": [ {"d": "d1"},{"5": [{"0": "e1"},  {"e1": "e1"}] } ]  }] }]}]}],"66":"test" }', ['/spec/1/1/1/2/1/3/1/4/1/5/0/0', '/66'], ['00', '66']]], 'output': [[], [], [], []]}, 'result': {'item_result': [False, False, False, False], 'check_result': False}, 'time': {'total': -4, 'avg_time': -1}}
2018-12-20 16:11:24,973 DEBUG : Finish check.
2018-12-20 16:11:24,973 DEBUG : ************************************************************************************
2018-12-20 16:13:01,625 DEBUG : Get the classes of the test script, class list: ['Solution']
2018-12-20 16:13:01,625 DEBUG : Get config,   check_data: [['{"eventId":101,"interface":{"para":{"id":"g514","rules":[{"name":"test1","type":"digest"}],"users":[{"user":"tdsql@%","type":"deny","match":"any","rules":[{"name":"test1","type":"digest"}]}]}}}', ['/interface/para/users/0/rules/0/name', '/interface/para/rules/0/type', '/eventId'], ['myname', 'mytype', 100]], ['{"eventId":101, "interface":{"para":{"id":"g514","rules":[{"name":"test1"},{"type":"digest"}],"users":{"user":"tdsql@%","type":"deny","6":"3"}}}}', ['/interface/para/rules/1/type', '/interface/para/users/6'], ['testtype', 6]], ['{"Id":"101", "header":{"funcNo":"IF01","mobile":"075512344565"},"payload":{"contact":[{"mobile":"123456789999",\n    "wechat":"test"}]}}', ['/header/mobile', '/payload/contact/0/mobile', '/Id'], ['0755 839699', '13546467885', '100']], ['{ "spec": [{"cpu": 2400},{"1": [{"dir": "/data1/tdsql/data"}, {"2": [ {"b": "b1"},{"3": [{"c": "c1"},{"4": [ {"d": "d1"},{"5": [{"0": "e1"},  {"e1": "e1"}] } ]  }] }]}]}],"66":"test" }', ['/spec/1/1/1/2/1/3/1/4/1/5/0/0', '/66'], ['00', '66']]]
2018-12-20 16:13:01,625 DEBUG : Get config, check_result: [[{'eventId': 100, 'interface': {'para': {'rules': [{'type': 'mytype', 'name': 'test1'}], 'id': 'g514', 'users': [{'rules': [{'type': 'digest', 'name': 'myname'}], 'type': 'deny', 'user': 'tdsql@%', 'match': 'any'}]}}}], [{'eventId': 101, 'interface': {'para': {'rules': [{'name': 'test1'}, {'type': 'testtype'}], 'id': 'g514', 'users': {'type': 'deny', 'user': 'tdsql@%', '6': 6}}}}], [{'header': {'mobile': '0755 839699', 'funcNo': u'IF01'}, 'Id': '100', 'payload': {'contact': [{'mobile': '13546467885', 'wechat': 'test'}]}}], [{'spec': [{'cpu': 2400}, {'1': [{'dir': '/data1/tdsql/data'}, {'2': [{'b': 'b1'}, {'3': [{'c': 'c1'}, {'4': [{'d': 'd1'}, {'5': [{'0': '00'}, {'e1': 'e1'}]}]}]}]}]}], '66': '66'}]]
2018-12-20 16:13:01,625 DEBUG : ====================================================================================
2018-12-20 16:13:01,625 DEBUG : Check time: 1
2018-12-20 16:13:01,625 DEBUG : ++++++++++++++++++++++++++++++++++++++++++++++++++++++++++++++++++++++++++++++++++++
2018-12-20 16:13:01,625 DEBUG : Check data index: 1
2018-12-20 16:13:01,625 DEBUG : Check  data: ['{"eventId":101,"interface":{"para":{"id":"g514","rules":[{"name":"test1","type":"digest"}],"users":[{"user":"tdsql@%","type":"deny","match":"any","rules":[{"name":"test1","type":"digest"}]}]}}}', ['/interface/para/users/0/rules/0/name', '/interface/para/rules/0/type', '/eventId'], ['myname', 'mytype', 100]]
2018-12-20 16:13:01,627 DEBUG : Start check class: skill_script.Solution, start time: 2018-12-20 16:13:01.627000
2018-12-20 16:13:01,632 DEBUG : Finish check class, result: [{u'eventId': 100, u'interface': {u'para': {u'rules': [{u'type': 'mytype', u'name': u'test1'}], u'id': u'g514', u'users': [{u'rules': [{u'type': u'digest', u'name': 'myname'}], u'type': u'deny', u'user': u'tdsql@%', u'match': u'any'}]}}}], end time: 2018-12-20 16:13:01.633000
2018-12-20 16:13:01,632 DEBUG : Execution time: 6000.0
2018-12-20 16:13:01,632 DEBUG : Return data: [{u'eventId': 100, u'interface': {u'para': {u'rules': [{u'type': 'mytype', u'name': u'test1'}], u'id': u'g514', u'users': [{u'rules': [{u'type': u'digest', u'name': 'myname'}], u'type': u'deny', u'user': u'tdsql@%', u'match': u'any'}]}}}]
2018-12-20 16:13:01,634 DEBUG : Execution time: 6000.0
2018-12-20 16:13:01,634 DEBUG : Return   data: [{u'eventId': 100, u'interface': {u'para': {u'rules': [{u'type': 'mytype', u'name': u'test1'}], u'id': u'g514', u'users': [{u'rules': [{u'type': u'digest', u'name': 'myname'}], u'type': u'deny', u'user': u'tdsql@%', u'match': u'any'}]}}}]
2018-12-20 16:13:01,634 DEBUG : excepted data: [{'eventId': 100, 'interface': {'para': {'rules': [{'type': 'mytype', 'name': 'test1'}], 'id': 'g514', 'users': [{'rules': [{'type': 'digest', 'name': 'myname'}], 'type': 'deny', 'user': 'tdsql@%', 'match': 'any'}]}}}]
2018-12-20 16:13:01,634 DEBUG : Check type: equal.
2018-12-20 16:13:01,634 DEBUG : Check result: True.
2018-12-20 16:13:01,634 DEBUG : Check result: True
2018-12-20 16:13:01,634 DEBUG : ++++++++++++++++++++++++++++++++++++++++++++++++++++++++++++++++++++++++++++++++++++
2018-12-20 16:13:01,635 DEBUG : ++++++++++++++++++++++++++++++++++++++++++++++++++++++++++++++++++++++++++++++++++++
2018-12-20 16:13:01,635 DEBUG : Check data index: 2
2018-12-20 16:13:01,635 DEBUG : Check  data: ['{"eventId":101, "interface":{"para":{"id":"g514","rules":[{"name":"test1"},{"type":"digest"}],"users":{"user":"tdsql@%","type":"deny","6":"3"}}}}', ['/interface/para/rules/1/type', '/interface/para/users/6'], ['testtype', 6]]
2018-12-20 16:13:01,635 DEBUG : Start check class: skill_script.Solution, start time: 2018-12-20 16:13:01.636000
2018-12-20 16:13:01,637 DEBUG : Finish check class, result: [{u'eventId': 101, u'interface': {u'para': {u'rules': [{u'name': u'test1'}, {u'type': 'testtype'}], u'id': u'g514', u'users': {u'type': u'deny', u'user': u'tdsql@%', u'6': 6}}}}], end time: 2018-12-20 16:13:01.636000
2018-12-20 16:13:01,637 DEBUG : Execution time: 0.0
2018-12-20 16:13:01,637 DEBUG : Return data: [{u'eventId': 101, u'interface': {u'para': {u'rules': [{u'name': u'test1'}, {u'type': 'testtype'}], u'id': u'g514', u'users': {u'type': u'deny', u'user': u'tdsql@%', u'6': 6}}}}]
2018-12-20 16:13:01,637 DEBUG : Execution time: 0.0
2018-12-20 16:13:01,637 DEBUG : Return   data: [{u'eventId': 101, u'interface': {u'para': {u'rules': [{u'name': u'test1'}, {u'type': 'testtype'}], u'id': u'g514', u'users': {u'type': u'deny', u'user': u'tdsql@%', u'6': 6}}}}]
2018-12-20 16:13:01,637 DEBUG : excepted data: [{'eventId': 101, 'interface': {'para': {'rules': [{'name': 'test1'}, {'type': 'testtype'}], 'id': 'g514', 'users': {'type': 'deny', 'user': 'tdsql@%', '6': 6}}}}]
2018-12-20 16:13:01,637 DEBUG : Check type: equal.
2018-12-20 16:13:01,637 DEBUG : Check result: True.
2018-12-20 16:13:01,638 DEBUG : Check result: True
2018-12-20 16:13:01,638 DEBUG : ++++++++++++++++++++++++++++++++++++++++++++++++++++++++++++++++++++++++++++++++++++
2018-12-20 16:13:01,638 DEBUG : ++++++++++++++++++++++++++++++++++++++++++++++++++++++++++++++++++++++++++++++++++++
2018-12-20 16:13:01,638 DEBUG : Check data index: 3
2018-12-20 16:13:01,638 DEBUG : Check  data: ['{"Id":"101", "header":{"funcNo":"IF01","mobile":"075512344565"},"payload":{"contact":[{"mobile":"123456789999",\n    "wechat":"test"}]}}', ['/header/mobile', '/payload/contact/0/mobile', '/Id'], ['0755 839699', '13546467885', '100']]
2018-12-20 16:13:01,638 DEBUG : Start check class: skill_script.Solution, start time: 2018-12-20 16:13:01.639000
2018-12-20 16:13:01,638 DEBUG : Finish check class, result: [{u'header': {u'mobile': '0755 839699', u'funcNo': u'IF01'}, u'Id': '100', u'payload': {u'contact': [{u'mobile': '13546467885', u'wechat': u'test'}]}}], end time: 2018-12-20 16:13:01.639000
2018-12-20 16:13:01,638 DEBUG : Execution time: 0.0
2018-12-20 16:13:01,638 DEBUG : Return data: [{u'header': {u'mobile': '0755 839699', u'funcNo': u'IF01'}, u'Id': '100', u'payload': {u'contact': [{u'mobile': '13546467885', u'wechat': u'test'}]}}]
2018-12-20 16:13:01,638 DEBUG : Execution time: 0.0
2018-12-20 16:13:01,640 DEBUG : Return   data: [{u'header': {u'mobile': '0755 839699', u'funcNo': u'IF01'}, u'Id': '100', u'payload': {u'contact': [{u'mobile': '13546467885', u'wechat': u'test'}]}}]
2018-12-20 16:13:01,640 DEBUG : excepted data: [{'header': {'mobile': '0755 839699', 'funcNo': u'IF01'}, 'Id': '100', 'payload': {'contact': [{'mobile': '13546467885', 'wechat': 'test'}]}}]
2018-12-20 16:13:01,640 DEBUG : Check type: equal.
2018-12-20 16:13:01,640 DEBUG : Check result: True.
2018-12-20 16:13:01,640 DEBUG : Check result: True
2018-12-20 16:13:01,640 DEBUG : ++++++++++++++++++++++++++++++++++++++++++++++++++++++++++++++++++++++++++++++++++++
2018-12-20 16:13:01,641 DEBUG : ++++++++++++++++++++++++++++++++++++++++++++++++++++++++++++++++++++++++++++++++++++
2018-12-20 16:13:01,641 DEBUG : Check data index: 4
2018-12-20 16:13:01,641 DEBUG : Check  data: ['{ "spec": [{"cpu": 2400},{"1": [{"dir": "/data1/tdsql/data"}, {"2": [ {"b": "b1"},{"3": [{"c": "c1"},{"4": [ {"d": "d1"},{"5": [{"0": "e1"},  {"e1": "e1"}] } ]  }] }]}]}],"66":"test" }', ['/spec/1/1/1/2/1/3/1/4/1/5/0/0', '/66'], ['00', '66']]
2018-12-20 16:13:01,641 DEBUG : Start check class: skill_script.Solution, start time: 2018-12-20 16:13:01.641000
2018-12-20 16:13:01,641 DEBUG : Finish check class, result: [{u'spec': [{u'cpu': 2400}, {u'1': [{u'dir': u'/data1/tdsql/data'}, {u'2': [{u'b': u'b1'}, {u'3': [{u'c': u'c1'}, {u'4': [{u'd': u'd1'}, {u'5': [{u'0': '00'}, {u'e1': u'e1'}]}]}]}]}]}], u'66': '66'}], end time: 2018-12-20 16:13:01.641000
2018-12-20 16:13:01,641 DEBUG : Execution time: 0.0
2018-12-20 16:13:01,641 DEBUG : Return data: [{u'spec': [{u'cpu': 2400}, {u'1': [{u'dir': u'/data1/tdsql/data'}, {u'2': [{u'b': u'b1'}, {u'3': [{u'c': u'c1'}, {u'4': [{u'd': u'd1'}, {u'5': [{u'0': '00'}, {u'e1': u'e1'}]}]}]}]}]}], u'66': '66'}]
2018-12-20 16:13:01,641 DEBUG : Execution time: 0.0
2018-12-20 16:13:01,641 DEBUG : Return   data: [{u'spec': [{u'cpu': 2400}, {u'1': [{u'dir': u'/data1/tdsql/data'}, {u'2': [{u'b': u'b1'}, {u'3': [{u'c': u'c1'}, {u'4': [{u'd': u'd1'}, {u'5': [{u'0': '00'}, {u'e1': u'e1'}]}]}]}]}]}], u'66': '66'}]
2018-12-20 16:13:01,641 DEBUG : excepted data: [{'spec': [{'cpu': 2400}, {'1': [{'dir': '/data1/tdsql/data'}, {'2': [{'b': 'b1'}, {'3': [{'c': 'c1'}, {'4': [{'d': 'd1'}, {'5': [{'0': '00'}, {'e1': 'e1'}]}]}]}]}]}], '66': '66'}]
2018-12-20 16:13:01,641 DEBUG : Check type: equal.
2018-12-20 16:13:01,641 DEBUG : Check result: True.
2018-12-20 16:13:01,641 DEBUG : Check result: True
2018-12-20 16:13:01,641 DEBUG : ++++++++++++++++++++++++++++++++++++++++++++++++++++++++++++++++++++++++++++++++++++
2018-12-20 16:13:01,642 DEBUG : ************************************************************************************
2018-12-20 16:13:01,642 DEBUG : Save result to csv file
2018-12-20 16:13:01,642 DEBUG : Result dict: {'info': 'Nothing', 'name': 'zukizhu', 'test_index': 'test2', 'list_result': '[True; True; True; True]', 'result': True, 'time': 1500.0, 'part_index': 'part1'}
2018-12-20 16:13:01,644 DEBUG : ************************************************************************************
2018-12-20 16:13:01,644 DEBUG : Complete verification, summary information:
2018-12-20 16:13:01,644 DEBUG : Input  data: [['{"eventId":101,"interface":{"para":{"id":"g514","rules":[{"name":"test1","type":"digest"}],"users":[{"user":"tdsql@%","type":"deny","match":"any","rules":[{"name":"test1","type":"digest"}]}]}}}', ['/interface/para/users/0/rules/0/name', '/interface/para/rules/0/type', '/eventId'], ['myname', 'mytype', 100]], ['{"eventId":101, "interface":{"para":{"id":"g514","rules":[{"name":"test1"},{"type":"digest"}],"users":{"user":"tdsql@%","type":"deny","6":"3"}}}}', ['/interface/para/rules/1/type', '/interface/para/users/6'], ['testtype', 6]], ['{"Id":"101", "header":{"funcNo":"IF01","mobile":"075512344565"},"payload":{"contact":[{"mobile":"123456789999",\n    "wechat":"test"}]}}', ['/header/mobile', '/payload/contact/0/mobile', '/Id'], ['0755 839699', '13546467885', '100']], ['{ "spec": [{"cpu": 2400},{"1": [{"dir": "/data1/tdsql/data"}, {"2": [ {"b": "b1"},{"3": [{"c": "c1"},{"4": [ {"d": "d1"},{"5": [{"0": "e1"},  {"e1": "e1"}] } ]  }] }]}]}],"66":"test" }', ['/spec/1/1/1/2/1/3/1/4/1/5/0/0', '/66'], ['00', '66']]]
2018-12-20 16:13:01,644 DEBUG : Output data: [[{u'eventId': 100, u'interface': {u'para': {u'rules': [{u'type': 'mytype', u'name': u'test1'}], u'id': u'g514', u'users': [{u'rules': [{u'type': u'digest', u'name': 'myname'}], u'type': u'deny', u'user': u'tdsql@%', u'match': u'any'}]}}}], [{u'eventId': 101, u'interface': {u'para': {u'rules': [{u'name': u'test1'}, {u'type': 'testtype'}], u'id': u'g514', u'users': {u'type': u'deny', u'user': u'tdsql@%', u'6': 6}}}}], [{u'header': {u'mobile': '0755 839699', u'funcNo': u'IF01'}, u'Id': '100', u'payload': {u'contact': [{u'mobile': '13546467885', u'wechat': u'test'}]}}], [{u'spec': [{u'cpu': 2400}, {u'1': [{u'dir': u'/data1/tdsql/data'}, {u'2': [{u'b': u'b1'}, {u'3': [{u'c': u'c1'}, {u'4': [{u'd': u'd1'}, {u'5': [{u'0': '00'}, {u'e1': u'e1'}]}]}]}]}]}], u'66': '66'}]]
2018-12-20 16:13:01,644 DEBUG : Excepted data: [[{'eventId': 100, 'interface': {'para': {'rules': [{'type': 'mytype', 'name': 'test1'}], 'id': 'g514', 'users': [{'rules': [{'type': 'digest', 'name': 'myname'}], 'type': 'deny', 'user': 'tdsql@%', 'match': 'any'}]}}}], [{'eventId': 101, 'interface': {'para': {'rules': [{'name': 'test1'}, {'type': 'testtype'}], 'id': 'g514', 'users': {'type': 'deny', 'user': 'tdsql@%', '6': 6}}}}], [{'header': {'mobile': '0755 839699', 'funcNo': u'IF01'}, 'Id': '100', 'payload': {'contact': [{'mobile': '13546467885', 'wechat': 'test'}]}}], [{'spec': [{'cpu': 2400}, {'1': [{'dir': '/data1/tdsql/data'}, {'2': [{'b': 'b1'}, {'3': [{'c': 'c1'}, {'4': [{'d': 'd1'}, {'5': [{'0': '00'}, {'e1': 'e1'}]}]}]}]}]}], '66': '66'}]]
2018-12-20 16:13:01,644 DEBUG : Each item check result: [True, True, True, True]
2018-12-20 16:13:01,644 DEBUG : Check  result: True
2018-12-20 16:13:01,645 DEBUG : Total execution time: 6000.0
2018-12-20 16:13:01,645 DEBUG : Function running average time: 1500.0
2018-12-20 16:13:01,645 DEBUG : Summary JSON: {'data': {'excepted': [[{'eventId': 100, 'interface': {'para': {'rules': [{'type': 'mytype', 'name': 'test1'}], 'id': 'g514', 'users': [{'rules': [{'type': 'digest', 'name': 'myname'}], 'type': 'deny', 'user': 'tdsql@%', 'match': 'any'}]}}}], [{'eventId': 101, 'interface': {'para': {'rules': [{'name': 'test1'}, {'type': 'testtype'}], 'id': 'g514', 'users': {'type': 'deny', 'user': 'tdsql@%', '6': 6}}}}], [{'header': {'mobile': '0755 839699', 'funcNo': u'IF01'}, 'Id': '100', 'payload': {'contact': [{'mobile': '13546467885', 'wechat': 'test'}]}}], [{'spec': [{'cpu': 2400}, {'1': [{'dir': '/data1/tdsql/data'}, {'2': [{'b': 'b1'}, {'3': [{'c': 'c1'}, {'4': [{'d': 'd1'}, {'5': [{'0': '00'}, {'e1': 'e1'}]}]}]}]}]}], '66': '66'}]], 'input': [['{"eventId":101,"interface":{"para":{"id":"g514","rules":[{"name":"test1","type":"digest"}],"users":[{"user":"tdsql@%","type":"deny","match":"any","rules":[{"name":"test1","type":"digest"}]}]}}}', ['/interface/para/users/0/rules/0/name', '/interface/para/rules/0/type', '/eventId'], ['myname', 'mytype', 100]], ['{"eventId":101, "interface":{"para":{"id":"g514","rules":[{"name":"test1"},{"type":"digest"}],"users":{"user":"tdsql@%","type":"deny","6":"3"}}}}', ['/interface/para/rules/1/type', '/interface/para/users/6'], ['testtype', 6]], ['{"Id":"101", "header":{"funcNo":"IF01","mobile":"075512344565"},"payload":{"contact":[{"mobile":"123456789999",\n    "wechat":"test"}]}}', ['/header/mobile', '/payload/contact/0/mobile', '/Id'], ['0755 839699', '13546467885', '100']], ['{ "spec": [{"cpu": 2400},{"1": [{"dir": "/data1/tdsql/data"}, {"2": [ {"b": "b1"},{"3": [{"c": "c1"},{"4": [ {"d": "d1"},{"5": [{"0": "e1"},  {"e1": "e1"}] } ]  }] }]}]}],"66":"test" }', ['/spec/1/1/1/2/1/3/1/4/1/5/0/0', '/66'], ['00', '66']]], 'output': [[{u'eventId': 100, u'interface': {u'para': {u'rules': [{u'type': 'mytype', u'name': u'test1'}], u'id': u'g514', u'users': [{u'rules': [{u'type': u'digest', u'name': 'myname'}], u'type': u'deny', u'user': u'tdsql@%', u'match': u'any'}]}}}], [{u'eventId': 101, u'interface': {u'para': {u'rules': [{u'name': u'test1'}, {u'type': 'testtype'}], u'id': u'g514', u'users': {u'type': u'deny', u'user': u'tdsql@%', u'6': 6}}}}], [{u'header': {u'mobile': '0755 839699', u'funcNo': u'IF01'}, u'Id': '100', u'payload': {u'contact': [{u'mobile': '13546467885', u'wechat': u'test'}]}}], [{u'spec': [{u'cpu': 2400}, {u'1': [{u'dir': u'/data1/tdsql/data'}, {u'2': [{u'b': u'b1'}, {u'3': [{u'c': u'c1'}, {u'4': [{u'd': u'd1'}, {u'5': [{u'0': '00'}, {u'e1': u'e1'}]}]}]}]}]}], u'66': '66'}]]}, 'result': {'item_result': [True, True, True, True], 'check_result': True}, 'time': {'total': 6000.0, 'avg_time': 1500.0}}
2018-12-20 16:13:01,645 DEBUG : Finish check.
2018-12-20 16:13:01,645 DEBUG : ************************************************************************************
2018-12-20 16:22:41,088 DEBUG : ==================================================================================================
2018-12-20 16:22:41,088 DEBUG : Syntax xml file: number: 3, file name list: ['E:\\03.DEV\\01.Python\\21.Skill_Test\\syntax\\part5_test1\\PyPep8Inspection.xml', 'E:\\03.DEV\\01.Python\\21.Skill_Test\\syntax\\part5_test1\\PyRedundantParenthesesInspection.xml', 'E:\\03.DEV\\01.Python\\21.Skill_Test\\syntax\\part5_test1\\PyUnboundLocalVariableInspection.xml']
2018-12-20 16:22:41,088 DEBUG : **************************************************************************************************
2018-12-20 16:22:41,088 DEBUG : Check index: 1, xml path: E:\03.DEV\01.Python\21.Skill_Test\syntax\part5_test1\PyPep8Inspection.xml
2018-12-20 16:22:41,101 DEBUG : **************************************************************************************************
2018-12-20 16:22:41,101 DEBUG : Check index: 2, xml path: E:\03.DEV\01.Python\21.Skill_Test\syntax\part5_test1\PyRedundantParenthesesInspection.xml
2018-12-20 16:22:41,102 DEBUG : **************************************************************************************************
2018-12-20 16:22:41,102 DEBUG : Check index: 3, xml path: E:\03.DEV\01.Python\21.Skill_Test\syntax\part5_test1\PyUnboundLocalVariableInspection.xml
2018-12-20 16:22:41,104 DEBUG : Check result: {u'rubyyi': 4, u'wishluo': 13}.
2018-12-20 16:22:41,105 DEBUG : List of files that meet the criteria: ['E:\\03.DEV\\01.Python\\21.Skill_Test\\script\\part5_test1\\Iveshu_Part5_Test1.py', 'E:\\03.DEV\\01.Python\\21.Skill_Test\\script\\part5_test1\\Junacheng_Part5_Test1.py', 'E:\\03.DEV\\01.Python\\21.Skill_Test\\script\\part5_test1\\Rubyyi_Part5_Test1.py', 'E:\\03.DEV\\01.Python\\21.Skill_Test\\script\\part5_test1\\Wishluo_Part5_test1.py']
2018-12-20 16:22:41,109 DEBUG : iveshu result: {'name': 'iveshu', 'total_point': 20, 'score': 10.0, 'test_index': 'Test1', 'deduction_point': 0, 'part_index': 'Part5'}
2018-12-20 16:22:41,112 DEBUG : junacheng result: {'name': 'junacheng', 'total_point': 20, 'score': 10.0, 'test_index': 'Test1', 'deduction_point': 0, 'part_index': 'Part5'}
2018-12-20 16:22:41,115 DEBUG : rubyyi result: {'name': 'rubyyi', 'total_point': 20, 'score': 8.0, 'test_index': 'Test1', 'deduction_point': 4, 'part_index': 'Part5'}
2018-12-20 16:22:41,115 DEBUG : wishluo result: {'name': 'wishluo', 'total_point': 20, 'score': 3.5, 'test_index': 'Test1', 'deduction_point': 13, 'part_index': 'Part5'}
2018-12-20 16:22:42,450 DEBUG : $HOME=C:\Users\iveshu
2018-12-20 16:22:42,450 DEBUG : matplotlib data path C:\Python27\lib\site-packages\matplotlib\mpl-data
2018-12-20 16:22:42,454 DEBUG : loaded rc file C:\Python27\lib\site-packages\matplotlib\mpl-data\matplotlibrc
2018-12-20 16:22:42,456 DEBUG : matplotlib version 2.2.3
2018-12-20 16:22:42,456 DEBUG : interactive is False
2018-12-20 16:22:42,456 DEBUG : platform is win32
2018-12-20 16:22:42,456 DEBUG : loaded modules: ['numpy.core.info', 'pandas.core.arrays.categorical', 'pandas._libs.numpy', 'pandas.core.indexes.pandas', 'ctypes.os', 'pandas.core.indexes.frozen', 'gc', 'pandas._libs.hashing', 'pandas.core.indexes.numpy', 'pandas._libs.tslibs.locale', 'pandas.plotting.contextlib', 'pandas._libs.tslibs.parsing', 'logging.weakref', 'pandas.plotting.math', 'dateutil.tz.os', 'pprint', 'unittest.sys', 'numpy.core.umath', 'pandas.core.tokenize', 'string', 'dateutil.parser._parser', 'numpy.lib.arraysetops', 'numpy.core._multiarray_tests', 'pandas.util.warnings', 'pandas.io.contextlib', 'json.encoder', 'pandas.plotting.re', 'datetime', 'numpy.core.machar', 'pytz.pytz', 'unittest.StringIO', 'encodings._codecs_cn', 'pandas.core.dtypes.numbers', 'numpy.ma.extras', 'numpy.fft.fftpack_lite', 'matplotlib.cbook', 'pandas.core.inspect', 'dis', 'zlib', 'logging.threading', '_json', 'pandas.io.csv', 'pandas._libs.tslibs.textwrap', 'pytz.datetime', 'matplotlib.cbook.warnings', 'numpy.testing._private.pytesttester', 'pyparsing', 'encodings.gbk', 'matplotlib.cbook.textwrap', 'abc', 'dateutil.parser.warnings', 'numpy._globals', 'numpy.lib.npyio', 'matplotlib.sys', 'ntpath', 'pandas._libs.tslibs.dateutil', 'numpy.fft.helper', 'matplotlib.rcsetup', 'pandas.io.formats.format', 'unittest.suite', '_ctypes', 'glob', 'fnmatch', 'pandas.core.types', 'pandas.core.ops', 'codecs', 'pandas.compat.platform', 'numpy.os', 'pandas._libs.join', 'StringIO', 'pandas.core.textwrap', 'weakref', 'numpy.core._internal', 'pandas.io', 'distutils.sys', 'numpy.lib.arraypad', 'pandas._libs.tslibs.StringIO', 'pandas.core.groupby', 'xml.dom.expatbuilder', 'base64', 'dateutil.parser.isoparser', '_sre', 'pandas.core.functools', 'pandas.core.arrays.numpy', 'pandas.core.numpy', 'logging.sys', 'pandas.compat.numpy.numpy', 'copy_reg', 'pandas.core.util.numpy', 'ctypes._ctypes', '_heapq', 'pandas._libs.interval', 'numpy.lib.financial', 'pandas.errors.pandas', 'binascii', 'pandas._libs.tslibs.timedeltas', 'cycler', 'tokenize', 'pandas.plotting.dateutil', 'dateutil.tz._common', 'pandas.compat.StringIO', 'numpy.polynomial.chebyshev', 'pandas.core.re', 'cPickle', 'numpy.polynomial.hermite_e', 'pandas.compat.collections', 'pandas._libs.tslibs.timezones', 'pandas.core.distutils', 'pandas.core.indexes.operator', 'pandas._libs.operator', 'pandas.core.accessor', 'pandas.core.tools.timedeltas', 'pandas.core.dtypes.pandas', 'numpy.core.fromnumeric', 'unicodedata', 'numpy.ctypeslib', 'matplotlib._version', '_ast', 'pandas.io.formats.sys', 'pandas.pandas', '_bisect', 'encodings.aliases', 'exceptions', 'sre_parse', 'pandas.io.formats.locale', 'pandas.core.indexes.textwrap', 'numpy.random.warnings', 'pandas._libs.tslibs.ccalendar', 'pandas.io.mmap', 'pandas.util.inspect', 'pandas._libs.sparse', 'logging.cStringIO', 'numpy.lib.polynomial', 'numpy.compat', 'dateutil.parser.__future__', 'pandas._libs.tslib', 'numbers', 'numpy.core.records', 'pandas.core.keyword', 'strop', 'numpy.core.numeric', 'pandas.core.sparse.__future__', 'six', 'pandas._libs.tslibs.datetime', 'pandas._libs.tslibs.timestamps', 'pandas._libs.index', 'matplotlib.testing', 'pandas.core.copy', 'csv', 'pandas.core.arrays.pandas', 'pandas.core.dtypes.collections', 'numpy.lib.utils', 'pandas._libs.tslibs.conversion', 'dateutil.relativedelta', 'pandas.compat.unicodedata', 'numpy.lib.arrayterator', 'pandas.plotting.collections', 'os.path', 'pandas.core.collections', 'pandas.compat.types', 'pandas.plotting.numpy', 'pandas.util.types', '_weakrefset', 'unittest.traceback', 'unittest.os', 'pandas._libs.tslibs.period', 'functools', 'pandas.core.util', 'pandas.core.base', 'sysconfig', 'pandas.core.groupby.pandas', 'pandas.plotting.warnings', 'numpy.core.numerictypes', 'numpy.polynomial.legendre', 'dateutil.tz.time', 'numpy.matrixlib.defmatrix', 'tempfile', 'pandas.core.operator', 'pandas._libs.tslibs.pandas', 'numpy.polynomial.laguerre', 'matplotlib.compat', 'pandas.io.formats.printing', 'pandas.util.pandas', 'numpy.core', 'xml.dom.copy', 'numpy.linalg.info', 'unittest.functools', 'unittest.util', 'pandas._libs.tslibs.time', 'pandas.core.indexes.accessors', 'httplib', 'pandas._libs.properties', 'pytz.collections', 'decimal', 'pandas.io.common', 'numpy.lib._datasource', 'dateutil.tz.datetime', 'token', 'dateutil.operator', 'numpy.linalg._umath_linalg', 'dateutil.tz.struct', 'cStringIO', 'numpy.polynomial', 'numpy.add_newdocs', 'encodings', 'pandas.core.dtypes.concat', 'array', 'pandas._libs.tslibs.frequencies', 'json.struct', '_subprocess', 'numpy.lib.numpy', 'numpy.random.threading', 're', 'pandas.core.dtypes.missing', 'dateutil._common', 'math', 'ast', 'dateutil.tz.six', 'json', 'numpy.lib.ufunclike', 'pandas.tseries.dateutil', 'ctypes.struct', 'pandas._libs.tslibs.resolution', 'numpy.testing._private', 'matplotlib.json', 'pandas.core.strings', '_locale', 'logging', 'thread', 'pandas.compat.functools', 'pandas.compat.numpy.distutils', 'traceback', 'pandas.core.indexes.multi', 'pandas.core.sys', 'pandas.core.codecs', 'pandas.core.pandas', 'nturl2path', '_collections', 'pandas.compat.numpy.pandas', 'numpy.random', 'pandas.util.functools', 'numpy.lib.twodim_base', 'pandas._libs.numbers', 'pandas.compat.httplib', 'xml.parsers.pyexpat', 'dateutil.six', 'pandas.core.sparse.numpy', 'ctypes.sys', 'pandas._libs.tslibs.strptime', 'posixpath', 'pandas.compat.pandas', 'pandas._libs.tslibs.nattype', 'pytz.exceptions', 'numpy.core.arrayprint', 'types', 'numpy.lib.stride_tricks', 'numpy.lib.scimath', 'pandas.core.indexes.category', 'json._json', 'pandas.tseries.pandas', 'pandas.tseries.datetime', 'pandas.io.codecs', '_codecs', 'pandas._libs.hashtable', 'numpy.__config__', 'dateutil.parser.calendar', 'pandas.core.tools.datetimes', 'pandas.io.formats.terminal', 'pandas.tseries.pytz', 'copy', 'hashlib', 'keyword', 'pandas.core.indexes.__future__', 'pandas.core.groupby.numpy', '_csv', 'pandas.compat.distutils', 'numpy.lib.nanfunctions', '_warnings', 'pandas.io.zipfile', 'pandas.core.groupby.groupby', 'pandas.core.arrays.textwrap', 'pandas.core.nanops', 'pandas.core.indexes.range', 'sre_compile', 'dateutil.tz._factories', '_hashlib', 'pandas.tseries.offsets', 'pandas.core.dtypes.datetime', 'numpy.lib.shape_base', 'numpy._import_tools', 'logging.collections', 'pandas.core.indexes.period', 'pytz.struct', 'numpy.fft.info', 'numpy.sys', 'dateutil._version', 'matplotlib._color_data', 'unittest.result', 'dateutil.parser', 'pandas.core.arrays.base', 'pandas._libs.tslibs.np_datetime', 'encodings.codecs', 'pandas.core.gc', 'xml.dom.minicompat', 'pandas.plotting._misc', 'pandas.core.util.pandas', 'pandas._libs.decimal', 'unittest.difflib', '_ssl', 'numpy.lib.index_tricks', 'dateutil.parser.six', 'warnings', 'encodings.ascii', 'pandas.core.indexes.datetimelike', 'pandas._libs.tslibs.pytz', 'pandas.compat.struct', 'pandas.core.dtypes.dtypes', 'pandas.core.groupby.functools', 'json.sys', 'pandas.core.algorithms', 'pandas.compat.cStringIO', 'future_builtins', 'pandas.core.dtypes.common', '_io', 'linecache', 'pandas.plotting.__future__', 'numpy.linalg.linalg', 'numpy.lib._iotools', 'pandas.core.dtypes.numpy', 'matplotlib.cbook.functools', 'pandas.core.frame', 'pandas.core.__future__', 'pandas._libs.tslibs.re', 'random', 'unittest.types', 'subprocess', 'pandas.core.sparse.pandas', 'pandas._libs.pandas', 'logging.os', 'ctypes._endian', 'encodings.encodings', 'unittest.pprint', 'numpy.random.mtrand', 'xml', 'pandas.core.util.itertools', '_cython_0_28_5', 'dateutil.tz.tz', 'six.moves.urllib.request', 'numpy.linalg', 'pandas.compat.numpy.re', 'pyexpat.errors', 'logging.thread', 'pandas.plotting._core', 'numpy.lib._version', 'pandas.util', 'zipfile', 'ssl', 'pytz.tzinfo', 'numpy.version', 'distutils.re', 'pytz.UserDict', 'numpy.lib.type_check', 'pandas.core.index', 'bisect', 'pandas.core.indexes.interval', 'pandas._libs.tslibs', 'unittest.re', 'threading', 'pyexpat.model', 'dateutil.easter', 'dateutil.tz.functools', 'ctypes.wintypes', 'dateutil.tz.bisect', 'pandas.io.formats.os', 'pytz.tzfile', 'pandas.compat.chainmap', 'locale', 'pandas.core.dtypes.base', 'pandas.core.tools.collections', 'pandas.compat.__builtin__', 'atexit', 'dateutil.parser.io', 'pandas.core.groupby.contextlib', 'calendar', 'unittest.weakref', 'sphinxcontrib', 'dateutil', 'pandas.tseries.numpy', 'pandas.io.urlparse', 'pandas._libs.indexing', 'urllib', 'pandas.plotting.operator', 'dateutil.tz.ctypes', 'unittest.case', 'pandas.io.httplib', 'pandas.tseries.re', 'pandas.core.indexes.sys', 'numpy.lib.info', 'dateutil.tz.win', 'ctypes', 'matplotlib', 'pandas.core.groupby.copy', 'xml.dom.domreg', 'backports.pkgutil', 'pandas.util._decorators', 'pandas.compat', 'pandas.core.sparse.array', 'unittest.signal', 'json.scanner', 'pytz.lazy', 'itertools', 'numpy.fft.fftpack', 'opcode', 'mmap', 'pandas.compat.chainmap_impl', 'pandas._libs.ops', 'six.moves', 'numpy.testing._private.nosetester', 'unittest', 'pandas.compat.numpy.function', 'pandas.compat.inspect', 'platform', 'pandas.plotting._style', 'encodings.unicode_escape', 'pandas._libs.distutils', 'numpy.testing._private.utils', 'unittest.collections', 'pandas.core.tools.datetime', 'pkgutil', 'imp', 'pandas.tseries.operator', 'pandas.io.urllib', 'sre_constants', 'pandas.util._validators', 'dateutil.parser.string', 'pandas.io.formats.functools', 'numpy.core.function_base', 'numpy.compat.py3k', 'numpy', 'xml.dom.NodeFilter', 'pandas.core', 'dateutil.parser.time', 'numpy.ma', 'pandas.compat.numpy', 'pandas.plotting._tools', 'pytz', 'func', 'pandas.core.indexes.datetimes', 'pandas.core.dtypes', 'pandas.core.contextlib', 'check.check_data', 'pandas.io.formats.__future__', 'pandas._libs.pytz', 'numpy.lib', 'pandas.core.util.hashing', 'pandas.io.formats.pandas', 'pandas.core.dtypes.generic', 'pytz.bisect', 'json.decoder', 'pandas.core.missing', 'logging.atexit', 'pandas.core.indexing', '__main__', 'site', 'dateutil.tz', 'pandas.plotting.pandas', 'io', 'pyexpat', 'shutil', 'dateutil.parser.datetime', 'pandas._libs.tslibs.warnings', 'pandas.core.sparse.warnings', 'pandas.plotting', 'pandas.io.formats', 'unittest.time', 'pandas.io.pandas', 'encodings._multibytecodec', 'pandas.core.common', 'rfc822', 'numpy.polynomial.polyutils', 'json.json', 'sys', 'numpy.compat._inspect', 'pandas.core.indexes.timedeltas', 'pandas.core.indexes.warnings', 'xml.dom.xml', 'xml.dom.xmlbuilder', 'pandas.core.indexes.base', 'pandas.core.itertools', 'pandas._libs.lib', 'matplotlib.fontconfig_pattern', '_weakref', 'difflib', 'urlparse', 'pandas.compat.thread', 'unittest.warnings', 'gzip', 'pandas.plotting.distutils', 'pandas.core.dtypes.re', 'heapq', 'distutils', 'pytz.threading', 'numpy.core.einsumfunc', 'pandas._libs.tslibs.sys', 'matplotlib.cbook.deprecation', 'matplotlib.colors', 'msvcrt', 'struct', 'numpy.random.info', 'pandas.core.dtypes.cast', 'pandas.core.groupby.warnings', 'pandas.core.weakref', 'numpy.testing', 'collections', 'unittest.main', 'distutils.types', 'pytz.os', 'zipimport', 'pandas._libs.tslibs.calendar', 'textwrap', 'pandas._libs.tslibs.fields', 'pandas.plotting._compat', 'pandas.core.dtypes.warnings', 'pandas.core.datetime', 'pandas.tseries.frequencies', 'signal', 'numpy.random.operator', 'xml.parsers', 'pandas.compat.cPickle', 'numpy.core.multiarray', 'distutils.version', 'numpy.ma.core', 'pandas.core.groupby.types', 'pandas._libs.tslibs.collections', 'numpy.core.getlimits', 'pandas.core.indexes.numeric', 'xml.parsers.expat', 'dateutil.tz.sys', 'matplotlib.compat.subprocess', '_winreg', 'pandas.datetime', 'pandas.io.formats.shutil', 'logging.traceback', 'pandas.io.formats.numpy', 'numpy.matrixlib', 'pandas.core.series', 'pandas.core.dtypes.inference', 'backports', 'pandas.plotting._converter', 'pandas.core.tools', 'numpy.lib.mixins', 'pandas.core.warnings', 'dateutil.parser.re', 'pandas._libs', 'pandas.core.config_init', 'pandas.compat.sys', 'mpl_toolkits', 'UserDict', 'pandas.core.sparse', 'inspect', 'six.moves.urllib', 'unittest.runner', 'dateutil.calendar', 'unittest.loader', '_functools', 'socket', 'pandas.tseries.functools', 'numpy.core.memmap', 'dateutil.warnings', 'cython_runtime', 'pandas.compat.re', 'dateutil.math', 'numpy.linalg.lapack_lite', 'os', '__future__', 'numpy.core.shape_base', 'pandas.io.functools', '_multibytecodec', '__builtin__', 'pandas._libs.tslibs.offsets', 'pandas.core.api', 'operator', 'pandas.core.internals', 'distutils.string', 'pandas.core.json', 'pandas.tseries', 'pandas.core.indexes', 'pandas.plotting.datetime', 'pandas._libs.missing', 'errno', '_socket', 'numpy.core._methods', 'pandas.compat.dateutil', 'pandas.core.generic', 'pytz.sys', 'numpy.lib.histograms', 'pandas._libs.algos', 'pandas.util.textwrap', 'encodings.__builtin__', 'pandas.core.indexes.datetime', 'unittest.fnmatch', 'pandas.io.formats.console', 'numpy._distributor_init', '_codecs_cn', 'pandas.core.groupby.collections', 'pandas.io.urllib2', '_struct', 'pandas._libs.internals', 'dateutil.parser.dateutil', 'numpy.fft', 'xml.dom.minidom', 'numpy.random.numpy', 'logging.time', 'pandas._libs.tslibs.thread', 'pandas.core.arrays', 'pandas.core.tools.pandas', 'numpy.lib.function_base', 'logging.warnings', 'mimetools', 'dateutil.datetime', 'pandas.compat.itertools', 'logging.codecs', '_random', 'pandas.errors', 'numpy.polynomial._polybase', 'encodings.mbcs', 'numpy.polynomial.hermite', 'contextlib', 'pandas._libs.datetime', 'numpy.polynomial.polynomial', 'pandas.io.os', 'matplotlib.cbook._backports', 'check', 'pandas.core.sorting', 'pandas.core.tools.numpy', 'pandas.core.groupby.datetime', 'dateutil.parser.decimal', 'numpy.core.defchararray', 'pandas.core.arrays.warnings', '_abcoll', 'nt', 'pandas', 'dateutil.parser.functools', 'pandas.core.config', 'genericpath', 'stat', 'urllib2', 'unittest.signals', 'backports.functools_lru_cache', 'ctypes.ctypes', 'numpy.lib.format', 'pandas.core.indexes.api', 'xml.dom', 'pandas.core.indexes.pytz', 'numpy.testing._private.decorators', 'pandas._libs.sys', 'pandas._libs.tslibs.numpy', 'json.re', 'pandas.core.groupby.textwrap', 'time']
2018-12-20 16:22:42,775 DEBUG : Result ranking
2018-12-20 16:22:42,775 DEBUG : Result file: E:\03.DEV\01.Python\21.Skill_Test\result\part5_test1_syntax_result.csv
2018-12-20 16:22:42,775 DEBUG : Finish check
2018-12-20 16:22:42,775 DEBUG : ==================================================================================================
